<?xml version="1.0" encoding="UTF-8"?>
<coverage generated="1589380214242" clover="3.2.0">
  <project timestamp="1589380214242" name="All files">
    <metrics statements="62" coveredstatements="40" conditionals="10" coveredconditionals="2" methods="32" coveredmethods="18" elements="104" coveredelements="60" complexity="0" loc="62" ncloc="62" packages="1" files="6" classes="6"/>
    <file name="App.jsx" path="D:\Programming\Gromcode\react\react_hw\lesson15\task1\src\App.jsx">
      <metrics statements="2" coveredstatements="2" conditionals="0" coveredconditionals="0" methods="1" coveredmethods="1"/>
      <line num="4" count="1" type="stmt"/>
      <line num="5" count="1" type="stmt"/>
    </file>
    <file name="CreateTaskInput.jsx" path="D:\Programming\Gromcode\react\react_hw\lesson15\task1\src\CreateTaskInput.jsx">
      <metrics statements="8" coveredstatements="8" conditionals="0" coveredconditionals="0" methods="4" coveredmethods="4"/>
      <line num="5" count="2" type="stmt"/>
      <line num="6" count="2" type="stmt"/>
      <line num="11" count="2" type="stmt"/>
      <line num="12" count="2" type="stmt"/>
      <line num="17" count="2" type="stmt"/>
      <line num="18" count="2" type="stmt"/>
      <line num="19" count="2" type="stmt"/>
      <line num="23" count="6" type="stmt"/>
    </file>
    <file name="Task.jsx" path="D:\Programming\Gromcode\react\react_hw\lesson15\task1\src\Task.jsx">
      <metrics statements="6" coveredstatements="6" conditionals="2" coveredconditionals="2" methods="3" coveredmethods="3"/>
      <line num="4" count="4" type="stmt"/>
      <line num="5" count="4" type="stmt"/>
      <line num="10" count="1" type="stmt"/>
      <line num="16" count="1" type="stmt"/>
      <line num="22" count="4" type="stmt"/>
      <line num="30" count="4" type="stmt"/>
    </file>
    <file name="TasksList.jsx" path="D:\Programming\Gromcode\react\react_hw\lesson15\task1\src\TasksList.jsx">
      <metrics statements="6" coveredstatements="6" conditionals="0" coveredconditionals="0" methods="3" coveredmethods="3"/>
      <line num="5" count="3" type="stmt"/>
      <line num="7" count="1" type="stmt"/>
      <line num="9" count="3" type="stmt"/>
      <line num="10" count="1" type="stmt"/>
      <line num="14" count="3" type="stmt"/>
      <line num="25" count="3" type="stmt"/>
    </file>
    <file name="TodoList.jsx" path="D:\Programming\Gromcode\react\react_hw\lesson15\task1\src\TodoList.jsx">
      <metrics statements="22" coveredstatements="13" conditionals="0" coveredconditionals="0" methods="12" coveredmethods="7"/>
      <line num="8" count="2" type="stmt"/>
      <line num="9" count="2" type="stmt"/>
      <line num="15" count="2" type="stmt"/>
      <line num="18" count="2" type="stmt"/>
      <line num="19" count="3" type="stmt"/>
      <line num="21" count="3" type="stmt"/>
      <line num="24" count="3" type="stmt"/>
      <line num="29" count="2" type="stmt"/>
      <line num="30" count="0" type="stmt"/>
      <line num="34" count="0" type="stmt"/>
      <line num="35" count="0" type="stmt"/>
      <line num="36" count="0" type="stmt"/>
      <line num="39" count="2" type="stmt"/>
      <line num="40" count="0" type="stmt"/>
      <line num="41" count="0" type="stmt"/>
      <line num="42" count="0" type="stmt"/>
      <line num="47" count="0" type="stmt"/>
      <line num="48" count="0" type="stmt"/>
      <line num="51" count="2" type="stmt"/>
      <line num="52" count="1" type="stmt"/>
      <line num="53" count="1" type="stmt"/>
      <line num="57" count="5" type="stmt"/>
    </file>
    <file name="tasksGateway.js" path="D:\Programming\Gromcode\react\react_hw\lesson15\task1\src\tasksGateway.js">
      <metrics statements="18" coveredstatements="5" conditionals="8" coveredconditionals="0" methods="9" coveredmethods="0"/>
      <line num="1" count="1" type="stmt"/>
      <line num="3" count="1" type="stmt"/>
      <line num="4" count="0" type="stmt"/>
      <line num="12" count="0" type="cond" truecount="0" falsecount="2"/>
      <line num="13" count="0" type="stmt"/>
      <line num="17" count="1" type="stmt"/>
      <line num="18" count="0" type="stmt"/>
      <line num="20" count="0" type="cond" truecount="0" falsecount="2"/>
      <line num="21" count="0" type="stmt"/>
      <line num="23" count="0" type="stmt"/>
      <line num="26" count="1" type="stmt"/>
      <line num="27" count="0" type="stmt"/>
      <line num="35" count="0" type="cond" truecount="0" falsecount="2"/>
      <line num="36" count="0" type="stmt"/>
      <line num="40" count="1" type="stmt"/>
      <line num="41" count="0" type="stmt"/>
      <line num="45" count="0" type="cond" truecount="0" falsecount="2"/>
      <line num="46" count="0" type="stmt"/>
    </file>
  </project>
</coverage>
