{"D:\\Programming\\Gromcode\\react\\react_hw\\lesson15\\task1\\src\\App.jsx": {"path":"D:\\Programming\\Gromcode\\react\\react_hw\\lesson15\\task1\\src\\App.jsx","statementMap":{"0":{"start":{"line":4,"column":12},"end":{"line":5,"column":18}},"1":{"start":{"line":5,"column":5},"end":{"line":5,"column":17}}},"fnMap":{"0":{"name":"(anonymous_0)","decl":{"start":{"line":4,"column":12},"end":{"line":4,"column":13}},"loc":{"start":{"line":5,"column":5},"end":{"line":5,"column":17}},"line":5}},"branchMap":{},"s":{"0":1,"1":1},"f":{"0":1},"b":{},"_coverageSchema":"1a1c01bbd47fc00a2c39e90264f33305004495a9","hash":"82864ebbf1fb5e6f2a928d202ec64f4184d430bc"}
,"D:\\Programming\\Gromcode\\react\\react_hw\\lesson15\\task1\\src\\CreateTaskInput.jsx": {"path":"D:\\Programming\\Gromcode\\react\\react_hw\\lesson15\\task1\\src\\CreateTaskInput.jsx","statementMap":{"0":{"start":{"line":5,"column":8},"end":{"line":5,"column":21}},"1":{"start":{"line":6,"column":8},"end":{"line":8,"column":10}},"2":{"start":{"line":11,"column":19},"end":{"line":15,"column":5}},"3":{"start":{"line":12,"column":8},"end":{"line":14,"column":11}},"4":{"start":{"line":17,"column":23},"end":{"line":20,"column":5}},"5":{"start":{"line":18,"column":8},"end":{"line":18,"column":46}},"6":{"start":{"line":19,"column":8},"end":{"line":19,"column":37}},"7":{"start":{"line":23,"column":8},"end":{"line":36,"column":10}}},"fnMap":{"0":{"name":"(anonymous_0)","decl":{"start":{"line":4,"column":4},"end":{"line":4,"column":5}},"loc":{"start":{"line":4,"column":22},"end":{"line":9,"column":5}},"line":4},"1":{"name":"(anonymous_1)","decl":{"start":{"line":11,"column":19},"end":{"line":11,"column":20}},"loc":{"start":{"line":11,"column":24},"end":{"line":15,"column":5}},"line":11},"2":{"name":"(anonymous_2)","decl":{"start":{"line":17,"column":23},"end":{"line":17,"column":24}},"loc":{"start":{"line":17,"column":29},"end":{"line":20,"column":5}},"line":17},"3":{"name":"(anonymous_3)","decl":{"start":{"line":22,"column":4},"end":{"line":22,"column":5}},"loc":{"start":{"line":22,"column":13},"end":{"line":37,"column":5}},"line":22}},"branchMap":{},"s":{"0":2,"1":2,"2":2,"3":2,"4":2,"5":2,"6":2,"7":6},"f":{"0":2,"1":2,"2":2,"3":6},"b":{},"_coverageSchema":"1a1c01bbd47fc00a2c39e90264f33305004495a9","hash":"e4b872a848fb5bb6b9f5092cfd7a2aa83387798d"}
,"D:\\Programming\\Gromcode\\react\\react_hw\\lesson15\\task1\\src\\Task.jsx": {"path":"D:\\Programming\\Gromcode\\react\\react_hw\\lesson15\\task1\\src\\Task.jsx","statementMap":{"0":{"start":{"line":4,"column":13},"end":{"line":20,"column":1}},"1":{"start":{"line":5,"column":4},"end":{"line":19,"column":6}},"2":{"start":{"line":10,"column":32},"end":{"line":10,"column":44}},"3":{"start":{"line":16,"column":31},"end":{"line":16,"column":43}},"4":{"start":{"line":22,"column":0},"end":{"line":28,"column":2}},"5":{"start":{"line":30,"column":0},"end":{"line":33,"column":2}}},"fnMap":{"0":{"name":"(anonymous_0)","decl":{"start":{"line":4,"column":13},"end":{"line":4,"column":14}},"loc":{"start":{"line":4,"column":55},"end":{"line":20,"column":1}},"line":4},"1":{"name":"(anonymous_1)","decl":{"start":{"line":10,"column":26},"end":{"line":10,"column":27}},"loc":{"start":{"line":10,"column":32},"end":{"line":10,"column":44}},"line":10},"2":{"name":"(anonymous_2)","decl":{"start":{"line":16,"column":25},"end":{"line":16,"column":26}},"loc":{"start":{"line":16,"column":31},"end":{"line":16,"column":43}},"line":16}},"branchMap":{"0":{"loc":{"start":{"line":6,"column":35},"end":{"line":6,"column":63}},"type":"cond-expr","locations":[{"start":{"line":6,"column":42},"end":{"line":6,"column":59}},{"start":{"line":6,"column":61},"end":{"line":6,"column":63}}],"line":6}},"s":{"0":4,"1":4,"2":1,"3":1,"4":4,"5":4},"f":{"0":4,"1":1,"2":1},"b":{"0":[1,3]},"_coverageSchema":"1a1c01bbd47fc00a2c39e90264f33305004495a9","hash":"4ce934a593026e0a450f8df21a1c6694898885ff"}
,"D:\\Programming\\Gromcode\\react\\react_hw\\lesson15\\task1\\src\\TasksList.jsx": {"path":"D:\\Programming\\Gromcode\\react\\react_hw\\lesson15\\task1\\src\\TasksList.jsx","statementMap":{"0":{"start":{"line":5,"column":18},"end":{"line":23,"column":1}},"1":{"start":{"line":7,"column":23},"end":{"line":9,"column":40}},"2":{"start":{"line":9,"column":24},"end":{"line":9,"column":39}},"3":{"start":{"line":10,"column":4},"end":{"line":21,"column":6}},"4":{"start":{"line":14,"column":20},"end":{"line":19,"column":17}},"5":{"start":{"line":25,"column":0},"end":{"line":35,"column":2}}},"fnMap":{"0":{"name":"(anonymous_0)","decl":{"start":{"line":5,"column":18},"end":{"line":5,"column":19}},"loc":{"start":{"line":5,"column":75},"end":{"line":23,"column":1}},"line":5},"1":{"name":"(anonymous_1)","decl":{"start":{"line":9,"column":14},"end":{"line":9,"column":15}},"loc":{"start":{"line":9,"column":24},"end":{"line":9,"column":39}},"line":9},"2":{"name":"(anonymous_2)","decl":{"start":{"line":13,"column":36},"end":{"line":13,"column":37}},"loc":{"start":{"line":13,"column":44},"end":{"line":19,"column":18}},"line":13}},"branchMap":{},"s":{"0":3,"1":1,"2":3,"3":1,"4":3,"5":3},"f":{"0":1,"1":3,"2":3},"b":{},"_coverageSchema":"1a1c01bbd47fc00a2c39e90264f33305004495a9","hash":"24dfc5bc470340ef62db62bc8f57cc7ccc1a95b6"}
,"D:\\Programming\\Gromcode\\react\\react_hw\\lesson15\\task1\\src\\TodoList.jsx": {"path":"D:\\Programming\\Gromcode\\react\\react_hw\\lesson15\\task1\\src\\TodoList.jsx","statementMap":{"0":{"start":{"line":8,"column":8},"end":{"line":8,"column":21}},"1":{"start":{"line":9,"column":8},"end":{"line":11,"column":10}},"2":{"start":{"line":15,"column":8},"end":{"line":15,"column":26}},"3":{"start":{"line":18,"column":17},"end":{"line":27,"column":5}},"4":{"start":{"line":19,"column":8},"end":{"line":26,"column":10}},"5":{"start":{"line":21,"column":16},"end":{"line":23,"column":14}},"6":{"start":{"line":24,"column":12},"end":{"line":24,"column":34}},"7":{"start":{"line":29,"column":15},"end":{"line":37,"column":5}},"8":{"start":{"line":30,"column":24},"end":{"line":33,"column":9}},"9":{"start":{"line":34,"column":8},"end":{"line":35,"column":43}},"10":{"start":{"line":35,"column":24},"end":{"line":35,"column":41}},"11":{"start":{"line":36,"column":12},"end":{"line":36,"column":42}},"12":{"start":{"line":39,"column":29},"end":{"line":49,"column":5}},"13":{"start":{"line":40,"column":29},"end":{"line":41,"column":41}},"14":{"start":{"line":41,"column":26},"end":{"line":41,"column":40}},"15":{"start":{"line":42,"column":28},"end":{"line":45,"column":9}},"16":{"start":{"line":47,"column":8},"end":{"line":48,"column":43}},"17":{"start":{"line":48,"column":24},"end":{"line":48,"column":41}},"18":{"start":{"line":51,"column":23},"end":{"line":54,"column":5}},"19":{"start":{"line":52,"column":8},"end":{"line":53,"column":39}},"20":{"start":{"line":53,"column":21},"end":{"line":53,"column":38}},"21":{"start":{"line":57,"column":8},"end":{"line":71,"column":10}}},"fnMap":{"0":{"name":"(anonymous_0)","decl":{"start":{"line":7,"column":4},"end":{"line":7,"column":5}},"loc":{"start":{"line":7,"column":22},"end":{"line":12,"column":5}},"line":7},"1":{"name":"(anonymous_1)","decl":{"start":{"line":14,"column":4},"end":{"line":14,"column":5}},"loc":{"start":{"line":14,"column":24},"end":{"line":16,"column":5}},"line":14},"2":{"name":"(anonymous_2)","decl":{"start":{"line":18,"column":17},"end":{"line":18,"column":18}},"loc":{"start":{"line":18,"column":23},"end":{"line":27,"column":5}},"line":18},"3":{"name":"(anonymous_3)","decl":{"start":{"line":20,"column":18},"end":{"line":20,"column":19}},"loc":{"start":{"line":20,"column":31},"end":{"line":25,"column":9}},"line":20},"4":{"name":"(anonymous_4)","decl":{"start":{"line":29,"column":15},"end":{"line":29,"column":16}},"loc":{"start":{"line":29,"column":23},"end":{"line":37,"column":5}},"line":29},"5":{"name":"(anonymous_5)","decl":{"start":{"line":35,"column":18},"end":{"line":35,"column":19}},"loc":{"start":{"line":35,"column":24},"end":{"line":35,"column":41}},"line":35},"6":{"name":"(anonymous_6)","decl":{"start":{"line":39,"column":29},"end":{"line":39,"column":30}},"loc":{"start":{"line":39,"column":35},"end":{"line":49,"column":5}},"line":39},"7":{"name":"(anonymous_7)","decl":{"start":{"line":41,"column":18},"end":{"line":41,"column":19}},"loc":{"start":{"line":41,"column":26},"end":{"line":41,"column":40}},"line":41},"8":{"name":"(anonymous_8)","decl":{"start":{"line":48,"column":18},"end":{"line":48,"column":19}},"loc":{"start":{"line":48,"column":24},"end":{"line":48,"column":41}},"line":48},"9":{"name":"(anonymous_9)","decl":{"start":{"line":51,"column":23},"end":{"line":51,"column":24}},"loc":{"start":{"line":51,"column":31},"end":{"line":54,"column":5}},"line":51},"10":{"name":"(anonymous_10)","decl":{"start":{"line":53,"column":15},"end":{"line":53,"column":16}},"loc":{"start":{"line":53,"column":21},"end":{"line":53,"column":38}},"line":53},"11":{"name":"(anonymous_11)","decl":{"start":{"line":56,"column":4},"end":{"line":56,"column":5}},"loc":{"start":{"line":56,"column":13},"end":{"line":72,"column":5}},"line":56}},"branchMap":{},"s":{"0":2,"1":2,"2":2,"3":2,"4":3,"5":3,"6":3,"7":2,"8":0,"9":0,"10":0,"11":0,"12":2,"13":0,"14":0,"15":0,"16":0,"17":0,"18":2,"19":1,"20":1,"21":5},"f":{"0":2,"1":2,"2":3,"3":3,"4":0,"5":0,"6":0,"7":0,"8":0,"9":1,"10":1,"11":5},"b":{},"_coverageSchema":"1a1c01bbd47fc00a2c39e90264f33305004495a9","hash":"b503ea95c587990fa0da3f8db8cd3a04dd0f12f0"}
,"D:\\Programming\\Gromcode\\react\\react_hw\\lesson15\\task1\\src\\tasksGateway.js": {"path":"D:\\Programming\\Gromcode\\react\\react_hw\\lesson15\\task1\\src\\tasksGateway.js","statementMap":{"0":{"start":{"line":1,"column":16},"end":{"line":1,"column":73}},"1":{"start":{"line":3,"column":26},"end":{"line":15,"column":1}},"2":{"start":{"line":4,"column":4},"end":{"line":14,"column":7}},"3":{"start":{"line":12,"column":8},"end":{"line":13,"column":53}},"4":{"start":{"line":13,"column":12},"end":{"line":13,"column":53}},"5":{"start":{"line":17,"column":30},"end":{"line":24,"column":1}},"6":{"start":{"line":18,"column":4},"end":{"line":23,"column":38}},"7":{"start":{"line":20,"column":12},"end":{"line":21,"column":39}},"8":{"start":{"line":21,"column":16},"end":{"line":21,"column":39}},"9":{"start":{"line":23,"column":27},"end":{"line":23,"column":36}},"10":{"start":{"line":26,"column":26},"end":{"line":38,"column":1}},"11":{"start":{"line":27,"column":4},"end":{"line":37,"column":7}},"12":{"start":{"line":35,"column":8},"end":{"line":36,"column":63}},"13":{"start":{"line":36,"column":12},"end":{"line":36,"column":63}},"14":{"start":{"line":40,"column":26},"end":{"line":48,"column":1}},"15":{"start":{"line":41,"column":4},"end":{"line":47,"column":7}},"16":{"start":{"line":45,"column":8},"end":{"line":46,"column":53}},"17":{"start":{"line":46,"column":12},"end":{"line":46,"column":53}}},"fnMap":{"0":{"name":"(anonymous_0)","decl":{"start":{"line":3,"column":26},"end":{"line":3,"column":27}},"loc":{"start":{"line":3,"column":38},"end":{"line":15,"column":1}},"line":3},"1":{"name":"(anonymous_1)","decl":{"start":{"line":11,"column":10},"end":{"line":11,"column":11}},"loc":{"start":{"line":11,"column":22},"end":{"line":14,"column":5}},"line":11},"2":{"name":"(anonymous_2)","decl":{"start":{"line":17,"column":30},"end":{"line":17,"column":31}},"loc":{"start":{"line":17,"column":36},"end":{"line":24,"column":1}},"line":17},"3":{"name":"(anonymous_3)","decl":{"start":{"line":19,"column":14},"end":{"line":19,"column":15}},"loc":{"start":{"line":19,"column":26},"end":{"line":22,"column":9}},"line":19},"4":{"name":"(anonymous_4)","decl":{"start":{"line":23,"column":14},"end":{"line":23,"column":15}},"loc":{"start":{"line":23,"column":27},"end":{"line":23,"column":36}},"line":23},"5":{"name":"(anonymous_5)","decl":{"start":{"line":26,"column":26},"end":{"line":26,"column":27}},"loc":{"start":{"line":26,"column":48},"end":{"line":38,"column":1}},"line":26},"6":{"name":"(anonymous_6)","decl":{"start":{"line":34,"column":10},"end":{"line":34,"column":11}},"loc":{"start":{"line":34,"column":22},"end":{"line":37,"column":5}},"line":34},"7":{"name":"(anonymous_7)","decl":{"start":{"line":40,"column":26},"end":{"line":40,"column":27}},"loc":{"start":{"line":40,"column":38},"end":{"line":48,"column":1}},"line":40},"8":{"name":"(anonymous_8)","decl":{"start":{"line":44,"column":10},"end":{"line":44,"column":11}},"loc":{"start":{"line":44,"column":22},"end":{"line":47,"column":5}},"line":44}},"branchMap":{"0":{"loc":{"start":{"line":12,"column":8},"end":{"line":13,"column":53}},"type":"if","locations":[{"start":{"line":12,"column":8},"end":{"line":13,"column":53}},{"start":{"line":12,"column":8},"end":{"line":13,"column":53}}],"line":12},"1":{"loc":{"start":{"line":20,"column":12},"end":{"line":21,"column":39}},"type":"if","locations":[{"start":{"line":20,"column":12},"end":{"line":21,"column":39}},{"start":{"line":20,"column":12},"end":{"line":21,"column":39}}],"line":20},"2":{"loc":{"start":{"line":35,"column":8},"end":{"line":36,"column":63}},"type":"if","locations":[{"start":{"line":35,"column":8},"end":{"line":36,"column":63}},{"start":{"line":35,"column":8},"end":{"line":36,"column":63}}],"line":35},"3":{"loc":{"start":{"line":45,"column":8},"end":{"line":46,"column":53}},"type":"if","locations":[{"start":{"line":45,"column":8},"end":{"line":46,"column":53}},{"start":{"line":45,"column":8},"end":{"line":46,"column":53}}],"line":45}},"s":{"0":1,"1":1,"2":0,"3":0,"4":0,"5":1,"6":0,"7":0,"8":0,"9":0,"10":1,"11":0,"12":0,"13":0,"14":1,"15":0,"16":0,"17":0},"f":{"0":0,"1":0,"2":0,"3":0,"4":0,"5":0,"6":0,"7":0,"8":0},"b":{"0":[0,0],"1":[0,0],"2":[0,0],"3":[0,0]},"_coverageSchema":"1a1c01bbd47fc00a2c39e90264f33305004495a9","hash":"ba636b2202ede2b76a1f703792cb444fcf603720"}
}
